2024-05-06T07:17:43.305-03:00  INFO 10552 --- [roteiro01] [main] c.l.roteiro01.Roteiro01ApplicationTests  : Starting Roteiro01ApplicationTests using Java 22 with PID 10552 (started by Gabriel in C:\Users\Marcio\Downloads\TrabalhoAtual\Codigo)
2024-05-06T07:17:43.327-03:00  INFO 10552 --- [roteiro01] [main] c.l.roteiro01.Roteiro01ApplicationTests  : No active profile set, falling back to 1 default profile: "default"
2024-05-06T07:17:45.090-03:00  INFO 10552 --- [roteiro01] [main] .s.d.r.c.RepositoryConfigurationDelegate : Bootstrapping Spring Data JPA repositories in DEFAULT mode.
2024-05-06T07:17:45.154-03:00  INFO 10552 --- [roteiro01] [main] .s.d.r.c.RepositoryConfigurationDelegate : Finished Spring Data repository scanning in 52 ms. Found 1 JPA repository interface.
2024-05-06T07:17:45.840-03:00  INFO 10552 --- [roteiro01] [main] com.zaxxer.hikari.HikariDataSource       : HikariPool-1 - Starting...
2024-05-06T07:17:46.145-03:00  INFO 10552 --- [roteiro01] [main] com.zaxxer.hikari.pool.HikariPool        : HikariPool-1 - Added connection conn0: url=jdbc:h2:mem:testdb user=SA
2024-05-06T07:17:46.149-03:00  INFO 10552 --- [roteiro01] [main] com.zaxxer.hikari.HikariDataSource       : HikariPool-1 - Start completed.
2024-05-06T07:17:46.359-03:00  INFO 10552 --- [roteiro01] [main] o.hibernate.jpa.internal.util.LogHelper  : HHH000204: Processing PersistenceUnitInfo [name: default]
2024-05-06T07:17:46.472-03:00  INFO 10552 --- [roteiro01] [main] org.hibernate.Version                    : HHH000412: Hibernate ORM core version 6.4.4.Final
2024-05-06T07:17:46.530-03:00  INFO 10552 --- [roteiro01] [main] o.h.c.internal.RegionFactoryInitiator    : HHH000026: Second-level cache disabled
2024-05-06T07:17:46.963-03:00  INFO 10552 --- [roteiro01] [main] o.s.o.j.p.SpringPersistenceUnitInfo      : No LoadTimeWeaver setup: ignoring JPA class transformer
2024-05-06T07:17:47.036-03:00  WARN 10552 --- [roteiro01] [main] org.hibernate.orm.deprecation            : HHH90000025: H2Dialect does not need to be specified explicitly using 'hibernate.dialect' (remove the property setting and it will be selected by default)
2024-05-06T07:17:48.263-03:00  INFO 10552 --- [roteiro01] [main] o.h.e.t.j.p.i.JtaPlatformInitiator       : HHH000489: No JTA platform available (set 'hibernate.transaction.jta.platform' to enable JTA platform integration)
2024-05-06T07:17:48.360-03:00  INFO 10552 --- [roteiro01] [main] j.LocalContainerEntityManagerFactoryBean : Initialized JPA EntityManagerFactory for persistence unit 'default'
2024-05-06T07:17:49.010-03:00  WARN 10552 --- [roteiro01] [main] JpaBaseConfiguration$JpaWebConfiguration : spring.jpa.open-in-view is enabled by default. Therefore, database queries may be performed during view rendering. Explicitly configure spring.jpa.open-in-view to disable this warning
2024-05-06T07:17:49.540-03:00  INFO 10552 --- [roteiro01] [main] o.s.b.a.h2.H2ConsoleAutoConfiguration    : H2 console available at '/h2-ui'. Database available at 'jdbc:h2:mem:testdb'
2024-05-06T07:17:49.614-03:00  INFO 10552 --- [roteiro01] [main] c.l.roteiro01.Roteiro01ApplicationTests  : Started Roteiro01ApplicationTests in 6.815 seconds (process running for 9.021)
2024-05-06T07:17:50.601-03:00  INFO 10552 --- [roteiro01] [main] t.c.s.AnnotationConfigContextLoaderUtils : Could not detect default configuration classes for test class [com.labdessoft.roteiro01.TaskTests]: TaskTests does not declare any static, non-private, non-final, nested classes annotated with @Configuration.
2024-05-06T07:17:50.608-03:00  INFO 10552 --- [roteiro01] [main] .b.t.c.SpringBootTestContextBootstrapper : Found @SpringBootConfiguration com.labdessoft.roteiro01.Roteiro01Application for test class com.labdessoft.roteiro01.TaskTests
2024-05-06T07:17:50.666-03:00  INFO 10552 --- [roteiro01] [main] com.labdessoft.roteiro01.TaskTests       : Starting TaskTests using Java 22 with PID 10552 (started by Gabriel in C:\Users\Marcio\Downloads\TrabalhoAtual\Codigo)
2024-05-06T07:17:50.668-03:00  INFO 10552 --- [roteiro01] [main] com.labdessoft.roteiro01.TaskTests       : No active profile set, falling back to 1 default profile: "default"
2024-05-06T07:17:50.916-03:00  INFO 10552 --- [roteiro01] [main] .s.d.r.c.RepositoryConfigurationDelegate : Bootstrapping Spring Data JPA repositories in DEFAULT mode.
2024-05-06T07:17:50.922-03:00  INFO 10552 --- [roteiro01] [main] .s.d.r.c.RepositoryConfigurationDelegate : Finished Spring Data repository scanning in 9 ms. Found 1 JPA repository interface.
2024-05-06T07:17:51.342-03:00  INFO 10552 --- [roteiro01] [main] com.zaxxer.hikari.HikariDataSource       : HikariPool-2 - Starting...
2024-05-06T07:17:51.347-03:00  INFO 10552 --- [roteiro01] [main] com.zaxxer.hikari.pool.HikariPool        : HikariPool-2 - Added connection conn10: url=jdbc:h2:mem:testdb user=SA
2024-05-06T07:17:51.347-03:00  INFO 10552 --- [roteiro01] [main] com.zaxxer.hikari.HikariDataSource       : HikariPool-2 - Start completed.
2024-05-06T07:17:51.389-03:00  INFO 10552 --- [roteiro01] [main] o.hibernate.jpa.internal.util.LogHelper  : HHH000204: Processing PersistenceUnitInfo [name: default]
2024-05-06T07:17:51.397-03:00  INFO 10552 --- [roteiro01] [main] o.h.c.internal.RegionFactoryInitiator    : HHH000026: Second-level cache disabled
2024-05-06T07:17:51.405-03:00  INFO 10552 --- [roteiro01] [main] o.s.o.j.p.SpringPersistenceUnitInfo      : No LoadTimeWeaver setup: ignoring JPA class transformer
2024-05-06T07:17:51.405-03:00  WARN 10552 --- [roteiro01] [main] org.hibernate.orm.deprecation            : HHH90000025: H2Dialect does not need to be specified explicitly using 'hibernate.dialect' (remove the property setting and it will be selected by default)
2024-05-06T07:17:51.470-03:00  INFO 10552 --- [roteiro01] [main] o.h.e.t.j.p.i.JtaPlatformInitiator       : HHH000489: No JTA platform available (set 'hibernate.transaction.jta.platform' to enable JTA platform integration)
2024-05-06T07:17:51.483-03:00  INFO 10552 --- [roteiro01] [main] j.LocalContainerEntityManagerFactoryBean : Initialized JPA EntityManagerFactory for persistence unit 'default'
2024-05-06T07:17:51.640-03:00  WARN 10552 --- [roteiro01] [main] JpaBaseConfiguration$JpaWebConfiguration : spring.jpa.open-in-view is enabled by default. Therefore, database queries may be performed during view rendering. Explicitly configure spring.jpa.open-in-view to disable this warning
2024-05-06T07:17:51.838-03:00  INFO 10552 --- [roteiro01] [main] o.s.b.a.h2.H2ConsoleAutoConfiguration    : H2 console available at '/h2-ui'. Database available at 'jdbc:h2:mem:testdb'
2024-05-06T07:17:51.878-03:00  INFO 10552 --- [roteiro01] [main] com.labdessoft.roteiro01.TaskTests       : Started TaskTests in 1.265 seconds (process running for 11.283)
2024-05-06T07:17:52.145-03:00  INFO 10552 --- [roteiro01] [SpringApplicationShutdownHook] o.s.b.j.HikariCheckpointRestoreLifecycle : Evicting Hikari connections
2024-05-06T07:17:52.151-03:00  INFO 10552 --- [roteiro01] [SpringApplicationShutdownHook] j.LocalContainerEntityManagerFactoryBean : Closing JPA EntityManagerFactory for persistence unit 'default'
2024-05-06T07:17:52.151-03:00  INFO 10552 --- [roteiro01] [SpringApplicationShutdownHook] com.zaxxer.hikari.HikariDataSource       : HikariPool-1 - Shutdown initiated...
2024-05-06T07:17:52.165-03:00  INFO 10552 --- [roteiro01] [SpringApplicationShutdownHook] com.zaxxer.hikari.HikariDataSource       : HikariPool-1 - Shutdown completed.
2024-05-06T07:17:52.169-03:00  INFO 10552 --- [roteiro01] [SpringApplicationShutdownHook] o.s.b.j.HikariCheckpointRestoreLifecycle : Evicting Hikari connections
2024-05-06T07:17:52.231-03:00  INFO 10552 --- [roteiro01] [SpringApplicationShutdownHook] j.LocalContainerEntityManagerFactoryBean : Closing JPA EntityManagerFactory for persistence unit 'default'
2024-05-06T07:17:52.231-03:00  INFO 10552 --- [roteiro01] [SpringApplicationShutdownHook] com.zaxxer.hikari.HikariDataSource       : HikariPool-2 - Shutdown initiated...
2024-05-06T07:17:52.247-03:00  INFO 10552 --- [roteiro01] [SpringApplicationShutdownHook] com.zaxxer.hikari.HikariDataSource       : HikariPool-2 - Shutdown completed.
2024-05-06T07:36:19.856-03:00  INFO 12896 --- [roteiro01] [main] c.l.roteiro01.Roteiro01ApplicationTests  : Starting Roteiro01ApplicationTests using Java 22 with PID 12896 (started by Gabriel in C:\Users\Marcio\Downloads\TrabalhoAtual\Codigo)
2024-05-06T07:36:19.857-03:00  INFO 12896 --- [roteiro01] [main] c.l.roteiro01.Roteiro01ApplicationTests  : No active profile set, falling back to 1 default profile: "default"
2024-05-06T07:36:21.428-03:00  INFO 12896 --- [roteiro01] [main] .s.d.r.c.RepositoryConfigurationDelegate : Bootstrapping Spring Data JPA repositories in DEFAULT mode.
2024-05-06T07:36:21.493-03:00  INFO 12896 --- [roteiro01] [main] .s.d.r.c.RepositoryConfigurationDelegate : Finished Spring Data repository scanning in 55 ms. Found 1 JPA repository interface.
2024-05-06T07:36:22.008-03:00  INFO 12896 --- [roteiro01] [main] com.zaxxer.hikari.HikariDataSource       : HikariPool-1 - Starting...
2024-05-06T07:36:22.278-03:00  INFO 12896 --- [roteiro01] [main] com.zaxxer.hikari.pool.HikariPool        : HikariPool-1 - Added connection conn0: url=jdbc:h2:mem:testdb user=SA
2024-05-06T07:36:22.287-03:00  INFO 12896 --- [roteiro01] [main] com.zaxxer.hikari.HikariDataSource       : HikariPool-1 - Start completed.
2024-05-06T07:36:22.452-03:00  INFO 12896 --- [roteiro01] [main] o.hibernate.jpa.internal.util.LogHelper  : HHH000204: Processing PersistenceUnitInfo [name: default]
2024-05-06T07:36:22.546-03:00  INFO 12896 --- [roteiro01] [main] org.hibernate.Version                    : HHH000412: Hibernate ORM core version 6.4.4.Final
2024-05-06T07:36:22.583-03:00  INFO 12896 --- [roteiro01] [main] o.h.c.internal.RegionFactoryInitiator    : HHH000026: Second-level cache disabled
2024-05-06T07:36:22.941-03:00  INFO 12896 --- [roteiro01] [main] o.s.o.j.p.SpringPersistenceUnitInfo      : No LoadTimeWeaver setup: ignoring JPA class transformer
2024-05-06T07:36:22.998-03:00  WARN 12896 --- [roteiro01] [main] org.hibernate.orm.deprecation            : HHH90000025: H2Dialect does not need to be specified explicitly using 'hibernate.dialect' (remove the property setting and it will be selected by default)
2024-05-06T07:36:23.872-03:00  INFO 12896 --- [roteiro01] [main] o.h.e.t.j.p.i.JtaPlatformInitiator       : HHH000489: No JTA platform available (set 'hibernate.transaction.jta.platform' to enable JTA platform integration)
2024-05-06T07:36:23.929-03:00  INFO 12896 --- [roteiro01] [main] j.LocalContainerEntityManagerFactoryBean : Initialized JPA EntityManagerFactory for persistence unit 'default'
2024-05-06T07:36:24.565-03:00  WARN 12896 --- [roteiro01] [main] JpaBaseConfiguration$JpaWebConfiguration : spring.jpa.open-in-view is enabled by default. Therefore, database queries may be performed during view rendering. Explicitly configure spring.jpa.open-in-view to disable this warning
2024-05-06T07:36:25.093-03:00  INFO 12896 --- [roteiro01] [main] o.s.b.a.h2.H2ConsoleAutoConfiguration    : H2 console available at '/h2-ui'. Database available at 'jdbc:h2:mem:testdb'
2024-05-06T07:36:25.177-03:00  INFO 12896 --- [roteiro01] [main] c.l.roteiro01.Roteiro01ApplicationTests  : Started Roteiro01ApplicationTests in 5.809 seconds (process running for 7.081)
2024-05-06T07:36:25.822-03:00  INFO 12896 --- [roteiro01] [main] t.c.s.AnnotationConfigContextLoaderUtils : Could not detect default configuration classes for test class [com.labdessoft.roteiro01.TaskTests]: TaskTests does not declare any static, non-private, non-final, nested classes annotated with @Configuration.
2024-05-06T07:36:25.829-03:00  INFO 12896 --- [roteiro01] [main] .b.t.c.SpringBootTestContextBootstrapper : Found @SpringBootConfiguration com.labdessoft.roteiro01.Roteiro01Application for test class com.labdessoft.roteiro01.TaskTests
2024-05-06T07:36:25.880-03:00  INFO 12896 --- [roteiro01] [main] com.labdessoft.roteiro01.TaskTests       : Starting TaskTests using Java 22 with PID 12896 (started by Gabriel in C:\Users\Marcio\Downloads\TrabalhoAtual\Codigo)
2024-05-06T07:36:25.881-03:00  INFO 12896 --- [roteiro01] [main] com.labdessoft.roteiro01.TaskTests       : No active profile set, falling back to 1 default profile: "default"
2024-05-06T07:36:26.114-03:00  INFO 12896 --- [roteiro01] [main] .s.d.r.c.RepositoryConfigurationDelegate : Bootstrapping Spring Data JPA repositories in DEFAULT mode.
2024-05-06T07:36:26.124-03:00  INFO 12896 --- [roteiro01] [main] .s.d.r.c.RepositoryConfigurationDelegate : Finished Spring Data repository scanning in 9 ms. Found 1 JPA repository interface.
2024-05-06T07:36:26.537-03:00  INFO 12896 --- [roteiro01] [main] com.zaxxer.hikari.HikariDataSource       : HikariPool-2 - Starting...
2024-05-06T07:36:26.541-03:00  INFO 12896 --- [roteiro01] [main] com.zaxxer.hikari.pool.HikariPool        : HikariPool-2 - Added connection conn10: url=jdbc:h2:mem:testdb user=SA
2024-05-06T07:36:26.542-03:00  INFO 12896 --- [roteiro01] [main] com.zaxxer.hikari.HikariDataSource       : HikariPool-2 - Start completed.
2024-05-06T07:36:26.578-03:00  INFO 12896 --- [roteiro01] [main] o.hibernate.jpa.internal.util.LogHelper  : HHH000204: Processing PersistenceUnitInfo [name: default]
2024-05-06T07:36:26.582-03:00  INFO 12896 --- [roteiro01] [main] o.h.c.internal.RegionFactoryInitiator    : HHH000026: Second-level cache disabled
2024-05-06T07:36:26.596-03:00  INFO 12896 --- [roteiro01] [main] o.s.o.j.p.SpringPersistenceUnitInfo      : No LoadTimeWeaver setup: ignoring JPA class transformer
2024-05-06T07:36:26.599-03:00  WARN 12896 --- [roteiro01] [main] org.hibernate.orm.deprecation            : HHH90000025: H2Dialect does not need to be specified explicitly using 'hibernate.dialect' (remove the property setting and it will be selected by default)
2024-05-06T07:36:26.657-03:00  INFO 12896 --- [roteiro01] [main] o.h.e.t.j.p.i.JtaPlatformInitiator       : HHH000489: No JTA platform available (set 'hibernate.transaction.jta.platform' to enable JTA platform integration)
2024-05-06T07:36:26.669-03:00  INFO 12896 --- [roteiro01] [main] j.LocalContainerEntityManagerFactoryBean : Initialized JPA EntityManagerFactory for persistence unit 'default'
2024-05-06T07:36:26.798-03:00  WARN 12896 --- [roteiro01] [main] JpaBaseConfiguration$JpaWebConfiguration : spring.jpa.open-in-view is enabled by default. Therefore, database queries may be performed during view rendering. Explicitly configure spring.jpa.open-in-view to disable this warning
2024-05-06T07:36:27.005-03:00  INFO 12896 --- [roteiro01] [main] o.s.b.a.h2.H2ConsoleAutoConfiguration    : H2 console available at '/h2-ui'. Database available at 'jdbc:h2:mem:testdb'
2024-05-06T07:36:27.038-03:00  INFO 12896 --- [roteiro01] [main] com.labdessoft.roteiro01.TaskTests       : Started TaskTests in 1.209 seconds (process running for 8.943)
2024-05-06T07:36:27.284-03:00  INFO 12896 --- [roteiro01] [SpringApplicationShutdownHook] o.s.b.j.HikariCheckpointRestoreLifecycle : Evicting Hikari connections
2024-05-06T07:36:27.292-03:00  INFO 12896 --- [roteiro01] [SpringApplicationShutdownHook] j.LocalContainerEntityManagerFactoryBean : Closing JPA EntityManagerFactory for persistence unit 'default'
2024-05-06T07:36:27.300-03:00  INFO 12896 --- [roteiro01] [SpringApplicationShutdownHook] com.zaxxer.hikari.HikariDataSource       : HikariPool-1 - Shutdown initiated...
2024-05-06T07:36:27.308-03:00  INFO 12896 --- [roteiro01] [SpringApplicationShutdownHook] com.zaxxer.hikari.HikariDataSource       : HikariPool-1 - Shutdown completed.
2024-05-06T07:36:27.308-03:00  INFO 12896 --- [roteiro01] [SpringApplicationShutdownHook] o.s.b.j.HikariCheckpointRestoreLifecycle : Evicting Hikari connections
2024-05-06T07:36:27.368-03:00  INFO 12896 --- [roteiro01] [SpringApplicationShutdownHook] j.LocalContainerEntityManagerFactoryBean : Closing JPA EntityManagerFactory for persistence unit 'default'
2024-05-06T07:36:27.369-03:00  INFO 12896 --- [roteiro01] [SpringApplicationShutdownHook] com.zaxxer.hikari.HikariDataSource       : HikariPool-2 - Shutdown initiated...
2024-05-06T07:36:27.375-03:00  INFO 12896 --- [roteiro01] [SpringApplicationShutdownHook] com.zaxxer.hikari.HikariDataSource       : HikariPool-2 - Shutdown completed.
2024-05-06T07:36:44.151-03:00  INFO 9744 --- [roteiro01] [main] c.l.roteiro01.Roteiro01ApplicationTests  : Starting Roteiro01ApplicationTests using Java 22 with PID 9744 (started by Gabriel in C:\Users\Marcio\Downloads\TrabalhoAtual\Codigo)
2024-05-06T07:36:44.160-03:00  INFO 9744 --- [roteiro01] [main] c.l.roteiro01.Roteiro01ApplicationTests  : No active profile set, falling back to 1 default profile: "default"
2024-05-06T07:36:45.734-03:00  INFO 9744 --- [roteiro01] [main] .s.d.r.c.RepositoryConfigurationDelegate : Bootstrapping Spring Data JPA repositories in DEFAULT mode.
2024-05-06T07:36:45.799-03:00  INFO 9744 --- [roteiro01] [main] .s.d.r.c.RepositoryConfigurationDelegate : Finished Spring Data repository scanning in 57 ms. Found 1 JPA repository interface.
2024-05-06T07:36:46.305-03:00  INFO 9744 --- [roteiro01] [main] com.zaxxer.hikari.HikariDataSource       : HikariPool-1 - Starting...
2024-05-06T07:36:46.549-03:00  INFO 9744 --- [roteiro01] [main] com.zaxxer.hikari.pool.HikariPool        : HikariPool-1 - Added connection conn0: url=jdbc:h2:mem:testdb user=SA
2024-05-06T07:36:46.561-03:00  INFO 9744 --- [roteiro01] [main] com.zaxxer.hikari.HikariDataSource       : HikariPool-1 - Start completed.
2024-05-06T07:36:46.734-03:00  INFO 9744 --- [roteiro01] [main] o.hibernate.jpa.internal.util.LogHelper  : HHH000204: Processing PersistenceUnitInfo [name: default]
2024-05-06T07:36:46.833-03:00  INFO 9744 --- [roteiro01] [main] org.hibernate.Version                    : HHH000412: Hibernate ORM core version 6.4.4.Final
2024-05-06T07:36:46.886-03:00  INFO 9744 --- [roteiro01] [main] o.h.c.internal.RegionFactoryInitiator    : HHH000026: Second-level cache disabled
2024-05-06T07:36:47.255-03:00  INFO 9744 --- [roteiro01] [main] o.s.o.j.p.SpringPersistenceUnitInfo      : No LoadTimeWeaver setup: ignoring JPA class transformer
2024-05-06T07:36:47.319-03:00  WARN 9744 --- [roteiro01] [main] org.hibernate.orm.deprecation            : HHH90000025: H2Dialect does not need to be specified explicitly using 'hibernate.dialect' (remove the property setting and it will be selected by default)
2024-05-06T07:36:48.265-03:00  INFO 9744 --- [roteiro01] [main] o.h.e.t.j.p.i.JtaPlatformInitiator       : HHH000489: No JTA platform available (set 'hibernate.transaction.jta.platform' to enable JTA platform integration)
2024-05-06T07:36:48.321-03:00  INFO 9744 --- [roteiro01] [main] j.LocalContainerEntityManagerFactoryBean : Initialized JPA EntityManagerFactory for persistence unit 'default'
2024-05-06T07:36:48.932-03:00  WARN 9744 --- [roteiro01] [main] JpaBaseConfiguration$JpaWebConfiguration : spring.jpa.open-in-view is enabled by default. Therefore, database queries may be performed during view rendering. Explicitly configure spring.jpa.open-in-view to disable this warning
2024-05-06T07:36:49.474-03:00  INFO 9744 --- [roteiro01] [main] o.s.b.a.h2.H2ConsoleAutoConfiguration    : H2 console available at '/h2-ui'. Database available at 'jdbc:h2:mem:testdb'
2024-05-06T07:36:49.559-03:00  INFO 9744 --- [roteiro01] [main] c.l.roteiro01.Roteiro01ApplicationTests  : Started Roteiro01ApplicationTests in 5.896 seconds (process running for 7.101)
2024-05-06T07:36:50.236-03:00  INFO 9744 --- [roteiro01] [main] t.c.s.AnnotationConfigContextLoaderUtils : Could not detect default configuration classes for test class [com.labdessoft.roteiro01.TaskTests]: TaskTests does not declare any static, non-private, non-final, nested classes annotated with @Configuration.
2024-05-06T07:36:50.245-03:00  INFO 9744 --- [roteiro01] [main] .b.t.c.SpringBootTestContextBootstrapper : Found @SpringBootConfiguration com.labdessoft.roteiro01.Roteiro01Application for test class com.labdessoft.roteiro01.TaskTests
2024-05-06T07:36:50.309-03:00  INFO 9744 --- [roteiro01] [main] com.labdessoft.roteiro01.TaskTests       : Starting TaskTests using Java 22 with PID 9744 (started by Gabriel in C:\Users\Marcio\Downloads\TrabalhoAtual\Codigo)
2024-05-06T07:36:50.309-03:00  INFO 9744 --- [roteiro01] [main] com.labdessoft.roteiro01.TaskTests       : No active profile set, falling back to 1 default profile: "default"
2024-05-06T07:36:50.523-03:00  INFO 9744 --- [roteiro01] [main] .s.d.r.c.RepositoryConfigurationDelegate : Bootstrapping Spring Data JPA repositories in DEFAULT mode.
2024-05-06T07:36:50.530-03:00  INFO 9744 --- [roteiro01] [main] .s.d.r.c.RepositoryConfigurationDelegate : Finished Spring Data repository scanning in 10 ms. Found 1 JPA repository interface.
2024-05-06T07:36:50.970-03:00  INFO 9744 --- [roteiro01] [main] com.zaxxer.hikari.HikariDataSource       : HikariPool-2 - Starting...
2024-05-06T07:36:50.971-03:00  INFO 9744 --- [roteiro01] [main] com.zaxxer.hikari.pool.HikariPool        : HikariPool-2 - Added connection conn10: url=jdbc:h2:mem:testdb user=SA
2024-05-06T07:36:50.973-03:00  INFO 9744 --- [roteiro01] [main] com.zaxxer.hikari.HikariDataSource       : HikariPool-2 - Start completed.
2024-05-06T07:36:51.018-03:00  INFO 9744 --- [roteiro01] [main] o.hibernate.jpa.internal.util.LogHelper  : HHH000204: Processing PersistenceUnitInfo [name: default]
2024-05-06T07:36:51.025-03:00  INFO 9744 --- [roteiro01] [main] o.h.c.internal.RegionFactoryInitiator    : HHH000026: Second-level cache disabled
2024-05-06T07:36:51.033-03:00  INFO 9744 --- [roteiro01] [main] o.s.o.j.p.SpringPersistenceUnitInfo      : No LoadTimeWeaver setup: ignoring JPA class transformer
2024-05-06T07:36:51.038-03:00  WARN 9744 --- [roteiro01] [main] org.hibernate.orm.deprecation            : HHH90000025: H2Dialect does not need to be specified explicitly using 'hibernate.dialect' (remove the property setting and it will be selected by default)
2024-05-06T07:36:51.095-03:00  INFO 9744 --- [roteiro01] [main] o.h.e.t.j.p.i.JtaPlatformInitiator       : HHH000489: No JTA platform available (set 'hibernate.transaction.jta.platform' to enable JTA platform integration)
2024-05-06T07:36:51.106-03:00  INFO 9744 --- [roteiro01] [main] j.LocalContainerEntityManagerFactoryBean : Initialized JPA EntityManagerFactory for persistence unit 'default'
2024-05-06T07:36:51.250-03:00  WARN 9744 --- [roteiro01] [main] JpaBaseConfiguration$JpaWebConfiguration : spring.jpa.open-in-view is enabled by default. Therefore, database queries may be performed during view rendering. Explicitly configure spring.jpa.open-in-view to disable this warning
2024-05-06T07:36:51.470-03:00  INFO 9744 --- [roteiro01] [main] o.s.b.a.h2.H2ConsoleAutoConfiguration    : H2 console available at '/h2-ui'. Database available at 'jdbc:h2:mem:testdb'
2024-05-06T07:36:51.506-03:00  INFO 9744 --- [roteiro01] [main] com.labdessoft.roteiro01.TaskTests       : Started TaskTests in 1.254 seconds (process running for 9.051)
2024-05-06T07:36:51.775-03:00  INFO 9744 --- [roteiro01] [SpringApplicationShutdownHook] o.s.b.j.HikariCheckpointRestoreLifecycle : Evicting Hikari connections
2024-05-06T07:36:51.786-03:00  INFO 9744 --- [roteiro01] [SpringApplicationShutdownHook] j.LocalContainerEntityManagerFactoryBean : Closing JPA EntityManagerFactory for persistence unit 'default'
2024-05-06T07:36:51.792-03:00  INFO 9744 --- [roteiro01] [SpringApplicationShutdownHook] com.zaxxer.hikari.HikariDataSource       : HikariPool-1 - Shutdown initiated...
2024-05-06T07:36:51.812-03:00  INFO 9744 --- [roteiro01] [SpringApplicationShutdownHook] com.zaxxer.hikari.HikariDataSource       : HikariPool-1 - Shutdown completed.
2024-05-06T07:36:51.817-03:00  INFO 9744 --- [roteiro01] [SpringApplicationShutdownHook] o.s.b.j.HikariCheckpointRestoreLifecycle : Evicting Hikari connections
2024-05-06T07:36:51.872-03:00  INFO 9744 --- [roteiro01] [SpringApplicationShutdownHook] j.LocalContainerEntityManagerFactoryBean : Closing JPA EntityManagerFactory for persistence unit 'default'
2024-05-06T07:36:51.872-03:00  INFO 9744 --- [roteiro01] [SpringApplicationShutdownHook] com.zaxxer.hikari.HikariDataSource       : HikariPool-2 - Shutdown initiated...
2024-05-06T07:36:51.889-03:00  INFO 9744 --- [roteiro01] [SpringApplicationShutdownHook] com.zaxxer.hikari.HikariDataSource       : HikariPool-2 - Shutdown completed.
